<?xml version="1.0" encoding="UTF-8"?>
<!-- Generated by org.testng.reporters.JUnitReportReporter -->
<testsuite hostname="Bikashs-MBP" failures="0" tests="1" name="test.TestCase2$TestCase3" time="0.001" errors="0" timestamp="2024-07-23T09:04:28 PDT" skipped="0">
  <testcase classname="test.TestCase2$TestCase3" name="verifyThirdTest" time="0.001"/>
</testsuite> <!-- test.TestCase2$TestCase3 -->
